
  .   ____          _            __ _ _
 /\\ / ___'_ __ _ _(_)_ __  __ _ \ \ \ \
( ( )\___ | '_ | '_| | '_ \/ _` | \ \ \ \
 \\/  ___)| |_)| | | | | || (_| |  ) ) ) )
  '  |____| .__|_| |_|_| |_\__, | / / / /
 =========|_|==============|___/=/_/_/_/

 :: Spring Boot ::                (v3.5.7)

2025-10-25T14:30:19.500+01:00  INFO 59139 --- [student-management] [           main] c.e.s.StudentManagementApplication       : Starting StudentManagementApplication v0.0.1-SNAPSHOT using Java 21.0.8 with PID 59139 (/Users/mohamedfatihe/Downloads/student-management/target/student-management-0.0.1-SNAPSHOT.jar started by mohamedfatihe in /Users/mohamedfatihe/Downloads/student-management)
2025-10-25T14:30:19.504+01:00  INFO 59139 --- [student-management] [           main] c.e.s.StudentManagementApplication       : No active profile set, falling back to 1 default profile: "default"
2025-10-25T14:30:19.990+01:00  INFO 59139 --- [student-management] [           main] .s.d.r.c.RepositoryConfigurationDelegate : Bootstrapping Spring Data JPA repositories in DEFAULT mode.
2025-10-25T14:30:20.026+01:00  INFO 59139 --- [student-management] [           main] .s.d.r.c.RepositoryConfigurationDelegate : Finished Spring Data repository scanning in 24 ms. Found 1 JPA repository interface.
2025-10-25T14:30:20.382+01:00  INFO 59139 --- [student-management] [           main] o.s.b.w.embedded.tomcat.TomcatWebServer  : Tomcat initialized with port 8080 (http)
2025-10-25T14:30:20.390+01:00  INFO 59139 --- [student-management] [           main] o.apache.catalina.core.StandardService   : Starting service [Tomcat]
2025-10-25T14:30:20.390+01:00  INFO 59139 --- [student-management] [           main] o.apache.catalina.core.StandardEngine    : Starting Servlet engine: [Apache Tomcat/10.1.48]
2025-10-25T14:30:20.406+01:00  INFO 59139 --- [student-management] [           main] o.a.c.c.C.[Tomcat].[localhost].[/]       : Initializing Spring embedded WebApplicationContext
2025-10-25T14:30:20.407+01:00  INFO 59139 --- [student-management] [           main] w.s.c.ServletWebServerApplicationContext : Root WebApplicationContext: initialization completed in 854 ms
2025-10-25T14:30:20.515+01:00  INFO 59139 --- [student-management] [           main] o.hibernate.jpa.internal.util.LogHelper  : HHH000204: Processing PersistenceUnitInfo [name: default]
2025-10-25T14:30:20.563+01:00  INFO 59139 --- [student-management] [           main] org.hibernate.Version                    : HHH000412: Hibernate ORM core version 6.6.33.Final
2025-10-25T14:30:20.584+01:00  INFO 59139 --- [student-management] [           main] o.h.c.internal.RegionFactoryInitiator    : HHH000026: Second-level cache disabled
2025-10-25T14:30:20.736+01:00  INFO 59139 --- [student-management] [           main] o.s.o.j.p.SpringPersistenceUnitInfo      : No LoadTimeWeaver setup: ignoring JPA class transformer
2025-10-25T14:30:20.752+01:00  INFO 59139 --- [student-management] [           main] com.zaxxer.hikari.HikariDataSource       : HikariPool-1 - Starting...
2025-10-25T14:30:20.929+01:00  INFO 59139 --- [student-management] [           main] com.zaxxer.hikari.pool.HikariPool        : HikariPool-1 - Added connection conn0: url=jdbc:h2:mem:studentdb user=SA
2025-10-25T14:30:20.930+01:00  INFO 59139 --- [student-management] [           main] com.zaxxer.hikari.HikariDataSource       : HikariPool-1 - Start completed.
2025-10-25T14:30:20.949+01:00  WARN 59139 --- [student-management] [           main] org.hibernate.orm.deprecation            : HHH90000025: H2Dialect does not need to be specified explicitly using 'hibernate.dialect' (remove the property setting and it will be selected by default)
2025-10-25T14:30:20.963+01:00  INFO 59139 --- [student-management] [           main] org.hibernate.orm.connections.pooling    : HHH10001005: Database info:
	Database JDBC URL [Connecting through datasource 'HikariDataSource (HikariPool-1)']
	Database driver: undefined/unknown
	Database version: 2.3.232
	Autocommit mode: undefined/unknown
	Isolation level: undefined/unknown
	Minimum pool size: undefined/unknown
	Maximum pool size: undefined/unknown
2025-10-25T14:30:21.401+01:00  INFO 59139 --- [student-management] [           main] o.h.e.t.j.p.i.JtaPlatformInitiator       : HHH000489: No JTA platform available (set 'hibernate.transaction.jta.platform' to enable JTA platform integration)
Hibernate: 
    create table student (
        id integer generated by default as identity,
        date_naissance date,
        nom varchar(255),
        prenom varchar(255),
        primary key (id)
    )
2025-10-25T14:30:21.437+01:00  INFO 59139 --- [student-management] [           main] j.LocalContainerEntityManagerFactoryBean : Initialized JPA EntityManagerFactory for persistence unit 'default'
2025-10-25T14:30:21.575+01:00  INFO 59139 --- [student-management] [           main] o.s.d.j.r.query.QueryEnhancerFactory     : Hibernate is in classpath; If applicable, HQL parser will be used.
2025-10-25T14:30:22.183+01:00  WARN 59139 --- [student-management] [           main] JpaBaseConfiguration$JpaWebConfiguration : spring.jpa.open-in-view is enabled by default. Therefore, database queries may be performed during view rendering. Explicitly configure spring.jpa.open-in-view to disable this warning
2025-10-25T14:30:22.587+01:00  INFO 59139 --- [student-management] [           main] o.s.b.a.h2.H2ConsoleAutoConfiguration    : H2 console available at '/h2-console'. Database available at 'jdbc:h2:mem:studentdb'
2025-10-25T14:30:22.627+01:00  INFO 59139 --- [student-management] [           main] o.s.b.w.embedded.tomcat.TomcatWebServer  : Tomcat started on port 8080 (http) with context path '/'
2025-10-25T14:30:22.639+01:00  INFO 59139 --- [student-management] [           main] c.e.s.StudentManagementApplication       : Started StudentManagementApplication in 3.386 seconds (process running for 3.69)
2025-10-25T14:30:54.932+01:00  INFO 59139 --- [student-management] [nio-8080-exec-1] o.a.c.c.C.[Tomcat].[localhost].[/]       : Initializing Spring DispatcherServlet 'dispatcherServlet'
2025-10-25T14:30:54.933+01:00  INFO 59139 --- [student-management] [nio-8080-exec-1] o.s.web.servlet.DispatcherServlet        : Initializing Servlet 'dispatcherServlet'
2025-10-25T14:30:54.934+01:00  INFO 59139 --- [student-management] [nio-8080-exec-1] o.s.web.servlet.DispatcherServlet        : Completed initialization in 1 ms
Hibernate: 
    select
        s1_0.id,
        s1_0.date_naissance,
        s1_0.nom,
        s1_0.prenom 
    from
        student s1_0
2025-10-25T14:31:14.487+01:00  INFO 59139 --- [student-management] [nio-8080-exec-3] o.springdoc.api.AbstractOpenApiResource  : Init duration for springdoc-openapi is: 150 ms
Hibernate: 
    insert 
    into
        student
        (date_naissance, nom, prenom, id) 
    values
        (?, ?, ?, default)
Hibernate: 
    select
        s1_0.id,
        s1_0.date_naissance,
        s1_0.nom,
        s1_0.prenom 
    from
        student s1_0
